This is pdfTeX, Version 3.14159265-2.6-1.40.20 (TeX Live 2019) (preloaded format=pdflatex 2020.3.4)  29 NOV 2020 20:52
entering extended mode
 restricted \write18 enabled.
 file:line:error style messages enabled.
 %&-line parsing enabled.
**HandWritten_Character.tex
(./HandWritten_Character.tex
LaTeX2e <2020-02-02> patch level 5
L3 programming layer <2020-02-25> (./IEEEtran.cls
Document Class: IEEEtran 2015/08/26 V1.8b by Michael Shell
-- See the "IEEEtran_HOWTO" manual for usage information.
-- http://www.michaelshell.org/tex/ieeetran/
\@IEEEtrantmpdimenA=\dimen134
\@IEEEtrantmpdimenB=\dimen135
\@IEEEtrantmpdimenC=\dimen136
\@IEEEtrantmpcountA=\count167
\@IEEEtrantmpcountB=\count168
\@IEEEtrantmpcountC=\count169
\@IEEEtrantmptoksA=\toks15
LaTeX Font Info:    Trying to load font information for OT1+ptm on input line 503.
(/usr/local/texlive/2019/texmf-dist/tex/latex/psnfss/ot1ptm.fd
File: ot1ptm.fd 2001/06/04 font definitions for OT1/ptm.
)
-- Using 8.5in x 11in (letter) paper.
-- Using PDF output.
\@IEEEnormalsizeunitybaselineskip=\dimen137
-- This is a 10 point document.
\CLASSINFOnormalsizebaselineskip=\dimen138
\CLASSINFOnormalsizeunitybaselineskip=\dimen139
\IEEEnormaljot=\dimen140
LaTeX Font Info:    Font shape `OT1/ptm/bx/n' in size <5> not available
(Font)              Font shape `OT1/ptm/b/n' tried instead on input line 1090.
LaTeX Font Info:    Font shape `OT1/ptm/bx/it' in size <5> not available
(Font)              Font shape `OT1/ptm/b/it' tried instead on input line 1090.
LaTeX Font Info:    Font shape `OT1/ptm/bx/n' in size <7> not available
(Font)              Font shape `OT1/ptm/b/n' tried instead on input line 1090.
LaTeX Font Info:    Font shape `OT1/ptm/bx/it' in size <7> not available
(Font)              Font shape `OT1/ptm/b/it' tried instead on input line 1090.
LaTeX Font Info:    Font shape `OT1/ptm/bx/n' in size <8> not available
(Font)              Font shape `OT1/ptm/b/n' tried instead on input line 1090.
LaTeX Font Info:    Font shape `OT1/ptm/bx/it' in size <8> not available
(Font)              Font shape `OT1/ptm/b/it' tried instead on input line 1090.
LaTeX Font Info:    Font shape `OT1/ptm/bx/n' in size <9> not available
(Font)              Font shape `OT1/ptm/b/n' tried instead on input line 1090.
LaTeX Font Info:    Font shape `OT1/ptm/bx/it' in size <9> not available
(Font)              Font shape `OT1/ptm/b/it' tried instead on input line 1090.
LaTeX Font Info:    Font shape `OT1/ptm/bx/n' in size <10> not available
(Font)              Font shape `OT1/ptm/b/n' tried instead on input line 1090.
LaTeX Font Info:    Font shape `OT1/ptm/bx/it' in size <10> not available
(Font)              Font shape `OT1/ptm/b/it' tried instead on input line 1090.
LaTeX Font Info:    Font shape `OT1/ptm/bx/n' in size <11> not available
(Font)              Font shape `OT1/ptm/b/n' tried instead on input line 1090.
LaTeX Font Info:    Font shape `OT1/ptm/bx/it' in size <11> not available
(Font)              Font shape `OT1/ptm/b/it' tried instead on input line 1090.
LaTeX Font Info:    Font shape `OT1/ptm/bx/n' in size <12> not available
(Font)              Font shape `OT1/ptm/b/n' tried instead on input line 1090.
LaTeX Font Info:    Font shape `OT1/ptm/bx/it' in size <12> not available
(Font)              Font shape `OT1/ptm/b/it' tried instead on input line 1090.
LaTeX Font Info:    Font shape `OT1/ptm/bx/n' in size <17> not available
(Font)              Font shape `OT1/ptm/b/n' tried instead on input line 1090.
LaTeX Font Info:    Font shape `OT1/ptm/bx/it' in size <17> not available
(Font)              Font shape `OT1/ptm/b/it' tried instead on input line 1090.
LaTeX Font Info:    Font shape `OT1/ptm/bx/n' in size <20> not available
(Font)              Font shape `OT1/ptm/b/n' tried instead on input line 1090.
LaTeX Font Info:    Font shape `OT1/ptm/bx/it' in size <20> not available
(Font)              Font shape `OT1/ptm/b/it' tried instead on input line 1090.
LaTeX Font Info:    Font shape `OT1/ptm/bx/n' in size <24> not available
(Font)              Font shape `OT1/ptm/b/n' tried instead on input line 1090.
LaTeX Font Info:    Font shape `OT1/ptm/bx/it' in size <24> not available
(Font)              Font shape `OT1/ptm/b/it' tried instead on input line 1090.
\IEEEquantizedlength=\dimen141
\IEEEquantizedlengthdiff=\dimen142
\IEEEquantizedtextheightdiff=\dimen143
\IEEEilabelindentA=\dimen144
\IEEEilabelindentB=\dimen145
\IEEEilabelindent=\dimen146
\IEEEelabelindent=\dimen147
\IEEEdlabelindent=\dimen148
\IEEElabelindent=\dimen149
\IEEEiednormlabelsep=\dimen150
\IEEEiedmathlabelsep=\dimen151
\IEEEiedtopsep=\skip47
\c@section=\count170
\c@subsection=\count171
\c@subsubsection=\count172
\c@paragraph=\count173
\c@IEEEsubequation=\count174
\abovecaptionskip=\skip48
\belowcaptionskip=\skip49
\c@figure=\count175
\c@table=\count176
\@IEEEeqnnumcols=\count177
\@IEEEeqncolcnt=\count178
\@IEEEsubeqnnumrollback=\count179
\@IEEEquantizeheightA=\dimen152
\@IEEEquantizeheightB=\dimen153
\@IEEEquantizeheightC=\dimen154
\@IEEEquantizeprevdepth=\dimen155
\@IEEEquantizemultiple=\count180
\@IEEEquantizeboxA=\box45
\@IEEEtmpitemindent=\dimen156
\IEEEPARstartletwidth=\dimen157
\c@IEEEbiography=\count181
\@IEEEtranrubishbin=\box46
)
** ATTENTION: Overriding command lockouts (line 2).
(/usr/local/texlive/2019/texmf-dist/tex/latex/cite/cite.sty
LaTeX Info: Redefining \cite on input line 302.
LaTeX Info: Redefining \nocite on input line 332.
Package: cite 2015/02/27  v 5.5
) (/usr/local/texlive/2019/texmf-dist/tex/latex/amsmath/amsmath.sty
Package: amsmath 2020/01/20 v2.17e AMS math features
\@mathmargin=\skip50

For additional information on amsmath, use the `?' option.
(/usr/local/texlive/2019/texmf-dist/tex/latex/amsmath/amstext.sty
Package: amstext 2000/06/29 v2.01 AMS text
 (/usr/local/texlive/2019/texmf-dist/tex/latex/amsmath/amsgen.sty
File: amsgen.sty 1999/11/30 v2.0 generic functions
\@emptytoks=\toks16
\ex@=\dimen158
)) (/usr/local/texlive/2019/texmf-dist/tex/latex/amsmath/amsbsy.sty
Package: amsbsy 1999/11/29 v1.2d Bold Symbols
\pmbraise@=\dimen159
) (/usr/local/texlive/2019/texmf-dist/tex/latex/amsmath/amsopn.sty
Package: amsopn 2016/03/08 v2.02 operator names
)
\inf@bad=\count182
LaTeX Info: Redefining \frac on input line 227.
\uproot@=\count183
\leftroot@=\count184
LaTeX Info: Redefining \overline on input line 389.
\classnum@=\count185
\DOTSCASE@=\count186
LaTeX Info: Redefining \ldots on input line 486.
LaTeX Info: Redefining \dots on input line 489.
LaTeX Info: Redefining \cdots on input line 610.
\Mathstrutbox@=\box47
\strutbox@=\box48
\big@size=\dimen160
LaTeX Font Info:    Redeclaring font encoding OML on input line 733.
LaTeX Font Info:    Redeclaring font encoding OMS on input line 734.
\macc@depth=\count187
\c@MaxMatrixCols=\count188
\dotsspace@=\muskip16
\c@parentequation=\count189
\dspbrk@lvl=\count190
\tag@help=\toks17
\row@=\count191
\column@=\count192
\maxfields@=\count193
\andhelp@=\toks18
\eqnshift@=\dimen161
\alignsep@=\dimen162
\tagshift@=\dimen163
\tagwidth@=\dimen164
\totwidth@=\dimen165
\lineht@=\dimen166
\@envbody=\toks19
\multlinegap=\skip51
\multlinetaggap=\skip52
\mathdisplay@stack=\toks20
LaTeX Info: Redefining \[ on input line 2859.
LaTeX Info: Redefining \] on input line 2860.
) (/usr/local/texlive/2019/texmf-dist/tex/latex/amsfonts/amssymb.sty
Package: amssymb 2013/01/14 v3.01 AMS font symbols
 (/usr/local/texlive/2019/texmf-dist/tex/latex/amsfonts/amsfonts.sty
Package: amsfonts 2013/01/14 v3.01 Basic AMSFonts support
\symAMSa=\mathgroup4
\symAMSb=\mathgroup5
LaTeX Font Info:    Redeclaring math symbol \hbar on input line 98.
LaTeX Font Info:    Overwriting math alphabet `\mathfrak' in version `bold'
(Font)                  U/euf/m/n --> U/euf/b/n on input line 106.
)) (/usr/local/texlive/2019/texmf-dist/tex/latex/algorithms/algorithmic.sty
Package: algorithmic 2009/08/24 v0.1 Document Style `algorithmic'
 (/usr/local/texlive/2019/texmf-dist/tex/latex/base/ifthen.sty
Package: ifthen 2014/09/29 v1.1c Standard LaTeX ifthen package (DPC)
) (/usr/local/texlive/2019/texmf-dist/tex/latex/graphics/keyval.sty
Package: keyval 2014/10/28 v1.15 key=value parser (DPC)
\KV@toks@=\toks21
)
\c@ALC@unique=\count194
\c@ALC@line=\count195
\c@ALC@rem=\count196
\c@ALC@depth=\count197
\ALC@tlm=\skip53
\algorithmicindent=\skip54
) (/usr/local/texlive/2019/texmf-dist/tex/latex/graphics/graphicx.sty
Package: graphicx 2019/11/30 v1.2a Enhanced LaTeX Graphics (DPC,SPQR)
 (/usr/local/texlive/2019/texmf-dist/tex/latex/graphics/graphics.sty
Package: graphics 2019/11/30 v1.4a Standard LaTeX Graphics (DPC,SPQR)
 (/usr/local/texlive/2019/texmf-dist/tex/latex/graphics/trig.sty
Package: trig 2016/01/03 v1.10 sin cos tan (DPC)
) (/usr/local/texlive/2019/texmf-dist/tex/latex/graphics-cfg/graphics.cfg
File: graphics.cfg 2016/06/04 v1.11 sample graphics configuration
)
Package graphics Info: Driver file: pdftex.def on input line 105.
 (/usr/local/texlive/2019/texmf-dist/tex/latex/graphics-def/pdftex.def
File: pdftex.def 2018/01/08 v1.0l Graphics/color driver for pdftex
))
\Gin@req@height=\dimen167
\Gin@req@width=\dimen168
) (/usr/local/texlive/2019/texmf-dist/tex/latex/base/textcomp.sty
Package: textcomp 2020/02/02 v2.0n Standard LaTeX package
) (/usr/local/texlive/2019/texmf-dist/tex/latex/grffile/grffile.sty
Package: grffile 2019/11/11 v2.1 Extended file name support for graphics (legacy)
Package grffile Info: This package is an empty stub for compatibility on input line 40.
) (/usr/local/texlive/2019/texmf-dist/tex/latex/xcolor/xcolor.sty
Package: xcolor 2016/05/11 v2.12 LaTeX color extensions (UK)
 (/usr/local/texlive/2019/texmf-dist/tex/latex/graphics-cfg/color.cfg
File: color.cfg 2016/01/02 v1.6 sample color configuration
)
Package xcolor Info: Driver file: pdftex.def on input line 225.
Package xcolor Info: Model `cmy' substituted by `cmy0' on input line 1348.
Package xcolor Info: Model `hsb' substituted by `rgb' on input line 1352.
Package xcolor Info: Model `RGB' extended on input line 1364.
Package xcolor Info: Model `HTML' substituted by `rgb' on input line 1366.
Package xcolor Info: Model `Hsb' substituted by `hsb' on input line 1367.
Package xcolor Info: Model `tHsb' substituted by `hsb' on input line 1368.
Package xcolor Info: Model `HSB' substituted by `hsb' on input line 1369.
Package xcolor Info: Model `Gray' substituted by `gray' on input line 1370.
Package xcolor Info: Model `wave' substituted by `hsb' on input line 1371.
) (/usr/local/texlive/2019/texmf-dist/tex/latex/listings/listings.sty
\lst@mode=\count198
\lst@gtempboxa=\box49
\lst@token=\toks22
\lst@length=\count199
\lst@currlwidth=\dimen169
\lst@column=\count266
\lst@pos=\count267
\lst@lostspace=\dimen170
\lst@width=\dimen171
\lst@newlines=\count268
\lst@lineno=\count269
\lst@maxwidth=\dimen172
 (/usr/local/texlive/2019/texmf-dist/tex/latex/listings/lstmisc.sty
File: lstmisc.sty 2019/09/10 1.8c (Carsten Heinz)
\c@lstnumber=\count270
\lst@skipnumbers=\count271
\lst@framebox=\box50
) (/usr/local/texlive/2019/texmf-dist/tex/latex/listings/listings.cfg
File: listings.cfg 2019/09/10 1.8c listings configuration
))
Package: listings 2019/09/10 1.8c (Carsten Heinz)
 (/usr/local/texlive/2019/texmf-dist/tex/latex/mdwtools/footnote.sty
Package: footnote 1997/01/28 1.13 Save footnotes around boxes
\fn@notes=\box51
\fn@width=\dimen173
) (/usr/local/texlive/2019/texmf-dist/tex/latex/makecell/makecell.sty
Package: makecell 2009/08/03 V0.1e Managing of Tab Column Heads and Cells
 (/usr/local/texlive/2019/texmf-dist/tex/latex/tools/array.sty
Package: array 2019/08/31 v2.4l Tabular extension package (FMi)
\col@sep=\dimen174
\ar@mcellbox=\box52
\extrarowheight=\dimen175
\NC@list=\toks23
\extratabsurround=\skip55
\backup@length=\skip56
\ar@cellbox=\box53
)
\rotheadsize=\dimen176
\c@nlinenum=\count272
\TeXr@lab=\toks24
) (/usr/local/texlive/2019/texmf-dist/tex/latex/listings/lstlang1.sty
File: lstlang1.sty 2019/09/10 1.8c listings language file
) (/usr/local/texlive/2019/texmf-dist/tex/latex/listings/lstlang2.sty
File: lstlang2.sty 2019/09/10 1.8c listings language file
) (/usr/local/texlive/2019/texmf-dist/tex/latex/listings/lstlang3.sty
File: lstlang3.sty 2019/09/10 1.8c listings language file
) (/usr/local/texlive/2019/texmf-dist/tex/latex/l3backend/l3backend-pdfmode.def
File: l3backend-pdfmode.def 2020-02-23 L3 backend support: PDF mode
\l__kernel_color_stack_int=\count273
\l__pdf_internal_box=\box54
) (/Users/Trent/Documents/Study/Courses/2020Spring/Data Mining II/Homework/Final project/Report/.texpadtmp/HandWritten_Character.aux)
\openout1 = `HandWritten_Character.aux'.

LaTeX Font Info:    Checking defaults for OML/cmm/m/it on input line 58.
LaTeX Font Info:    ... okay on input line 58.
LaTeX Font Info:    Checking defaults for OMS/cmsy/m/n on input line 58.
LaTeX Font Info:    ... okay on input line 58.
LaTeX Font Info:    Checking defaults for OT1/cmr/m/n on input line 58.
LaTeX Font Info:    ... okay on input line 58.
LaTeX Font Info:    Checking defaults for T1/cmr/m/n on input line 58.
LaTeX Font Info:    ... okay on input line 58.
LaTeX Font Info:    Checking defaults for TS1/cmr/m/n on input line 58.
LaTeX Font Info:    ... okay on input line 58.
LaTeX Font Info:    Checking defaults for OMX/cmex/m/n on input line 58.
LaTeX Font Info:    ... okay on input line 58.
LaTeX Font Info:    Checking defaults for U/cmr/m/n on input line 58.
LaTeX Font Info:    ... okay on input line 58.

-- Lines per column: 56 (exact).
(/usr/local/texlive/2019/texmf-dist/tex/context/base/mkii/supp-pdf.mkii
[Loading MPS to PDF converter (version 2006.09.02).]
\scratchcounter=\count274
\scratchdimen=\dimen177
\scratchbox=\box55
\nofMPsegments=\count275
\nofMParguments=\count276
\everyMPshowfont=\toks25
\MPscratchCnt=\count277
\MPscratchDim=\dimen178
\MPnumerator=\count278
\makeMPintoPDFobject=\count279
\everyMPtoPDFconversion=\toks26
) (/usr/local/texlive/2019/texmf-dist/tex/latex/epstopdf-pkg/epstopdf-base.sty
Package: epstopdf-base 2020-01-24 v2.11 Base part for package epstopdf
Package epstopdf-base Info: Redefining graphics rule for `.eps' on input line 485.
 (/usr/local/texlive/2019/texmf-dist/tex/latex/latexconfig/epstopdf-sys.cfg
File: epstopdf-sys.cfg 2010/07/13 v1.3 Configuration of (r)epstopdf for TeX Live
))
\c@lstlisting=\count280
LaTeX Font Info:    Calculating math sizes for size <11> on input line 73.
LaTeX Font Info:    Trying to load font information for U+msa on input line 73.
 (/usr/local/texlive/2019/texmf-dist/tex/latex/amsfonts/umsa.fd
File: umsa.fd 2013/01/14 v3.01 AMS symbols A
)
LaTeX Font Info:    Trying to load font information for U+msb on input line 73.
 (/usr/local/texlive/2019/texmf-dist/tex/latex/amsfonts/umsb.fd
File: umsb.fd 2013/01/14 v3.01 AMS symbols B
)
<figure/0.png, id=1, 642.4pt x 481.8pt>
File: figure/0.png Graphic file (type png)
<use figure/0.png>
Package pdftex.def Info: figure/0.png  used on input line 117.
(pdftex.def)             Requested size: 51.60315pt x 38.69916pt.
<figure/3.png, id=2, 642.4pt x 481.8pt>
File: figure/3.png Graphic file (type png)
<use figure/3.png>
Package pdftex.def Info: figure/3.png  used on input line 117.
(pdftex.def)             Requested size: 51.60315pt x 38.69916pt.
<figure/5.png, id=3, 642.4pt x 481.8pt>
File: figure/5.png Graphic file (type png)
<use figure/5.png>
Package pdftex.def Info: figure/5.png  used on input line 117.
(pdftex.def)             Requested size: 51.60315pt x 38.69916pt.
<figure/2.png, id=4, 642.4pt x 481.8pt>
File: figure/2.png Graphic file (type png)
<use figure/2.png>
Package pdftex.def Info: figure/2.png  used on input line 117.
(pdftex.def)             Requested size: 51.60315pt x 38.69916pt.
<figure/8.png, id=5, 642.4pt x 481.8pt>
File: figure/8.png Graphic file (type png)
<use figure/8.png>
Package pdftex.def Info: figure/8.png  used on input line 117.
(pdftex.def)             Requested size: 51.60315pt x 38.69916pt.
<figure/distributionplot.png, id=6, 642.4pt x 481.8pt>
File: figure/distributionplot.png Graphic file (type png)
<use figure/distributionplot.png>
Package pdftex.def Info: figure/distributionplot.png  used on input line 131.
(pdftex.def)             Requested size: 206.39685pt x 154.79668pt.
 [1{/usr/local/texlive/2019/texmf-var/fonts/map/pdftex/updmap/pdftex.map}


 <./figure/0.png (PNG copy)> <./figure/3.png (PNG copy)> <./figure/5.png (PNG copy)> <./figure/2.png (PNG copy)> <./figure/8.png (PNG copy)> <./figure/distributionplot.png (PNG copy)>]
<figure/SGD SVM Accuracy rate, alpha versus l1_ratio.png, id=21, 1720.4275pt x 1123.19624pt>
File: figure/SGD SVM Accuracy rate, alpha versus l1_ratio.png Graphic file (type png)
<use figure/SGD SVM Accuracy rate, alpha versus l1_ratio.png>
Package pdftex.def Info: figure/SGD SVM Accuracy rate, alpha versus l1_ratio.png  used on input line 171.
(pdftex.def)             Requested size: 206.39685pt x 134.74345pt.
<figure/RBF SVM Accuracy versus gamma.png, id=23, 1720.4275pt x 1123.19624pt>
File: figure/RBF SVM Accuracy versus gamma.png Graphic file (type png)
<use figure/RBF SVM Accuracy versus gamma.png>
Package pdftex.def Info: figure/RBF SVM Accuracy versus gamma.png  used on input line 239.
(pdftex.def)             Requested size: 206.39685pt x 134.74345pt.
 [2 <./figure/SGD SVM Accuracy rate, alpha versus l1_ratio.png> <./figure/RBF SVM Accuracy versus gamma.png>]
<figure/Polynomial SVM Accuracy degree versus gamma.png, id=32, 1720.4275pt x 1123.19624pt>
File: figure/Polynomial SVM Accuracy degree versus gamma.png Graphic file (type png)
<use figure/Polynomial SVM Accuracy degree versus gamma.png>
Package pdftex.def Info: figure/Polynomial SVM Accuracy degree versus gamma.png  used on input line 289.
(pdftex.def)             Requested size: 206.39685pt x 134.74345pt.
<figure/Ada Boosting Accuracy By Iteration.png, id=33, 1720.4275pt x 1123.19624pt>
File: figure/Ada Boosting Accuracy By Iteration.png Graphic file (type png)
<use figure/Ada Boosting Accuracy By Iteration.png>
Package pdftex.def Info: figure/Ada Boosting Accuracy By Iteration.png  used on input line 330.
(pdftex.def)             Requested size: 206.39685pt x 134.74345pt.
<figure/Final Ada Boosting Accuracy By Iteration.png, id=34, 1720.4275pt x 1123.19624pt>
File: figure/Final Ada Boosting Accuracy By Iteration.png Graphic file (type png)
<use figure/Final Ada Boosting Accuracy By Iteration.png>
Package pdftex.def Info: figure/Final Ada Boosting Accuracy By Iteration.png  used on input line 341.
(pdftex.def)             Requested size: 206.39685pt x 134.74345pt.
<figure/Gradient Boosting Accuracy By Iteration.png, id=35, 3441.85875pt x 2247.39626pt>
File: figure/Gradient Boosting Accuracy By Iteration.png Graphic file (type png)
<use figure/Gradient Boosting Accuracy By Iteration.png>
Package pdftex.def Info: figure/Gradient Boosting Accuracy By Iteration.png  used on input line 380.
(pdftex.def)             Requested size: 206.39685pt x 134.73508pt.
 [3 <./figure/Polynomial SVM Accuracy degree versus gamma.png> <./figure/Ada Boosting Accuracy By Iteration.png> <./figure/Final Ada Boosting Accuracy By Iteration.png>]
<figure/1-layer Neural Network Test Accuracy By Epoch.png, id=42, 1720.4275pt x 1123.19624pt>
File: figure/1-layer Neural Network Test Accuracy By Epoch.png Graphic file (type png)
<use figure/1-layer Neural Network Test Accuracy By Epoch.png>
Package pdftex.def Info: figure/1-layer Neural Network Test Accuracy By Epoch.png  used on input line 462.
(pdftex.def)             Requested size: 206.39685pt x 134.74345pt.
<figure/1-Hidden Layer Neural Network Accuracy rate versus bias.png, id=43, 1720.4275pt x 1123.19624pt>
File: figure/1-Hidden Layer Neural Network Accuracy rate versus bias.png Graphic file (type png)
<use figure/1-Hidden Layer Neural Network Accuracy rate versus bias.png>
Package pdftex.def Info: figure/1-Hidden Layer Neural Network Accuracy rate versus bias.png  used on input line 469.
(pdftex.def)             Requested size: 206.39685pt x 134.74345pt.
<figure/1-Hidden Layer Neural Network Accuracy rate versus hidden_nodes.png, id=44, 1720.4275pt x 1123.19624pt>
File: figure/1-Hidden Layer Neural Network Accuracy rate versus hidden_nodes.png Graphic file (type png)
<use figure/1-Hidden Layer Neural Network Accuracy rate versus hidden_nodes.png>
Package pdftex.def Info: figure/1-Hidden Layer Neural Network Accuracy rate versus hidden_nodes.png  used on input line 475.
(pdftex.def)             Requested size: 206.39685pt x 134.74345pt.
<figure/1-Hidden Layer Neural Network Accuracy rate versus learning_rate.png, id=45, 1720.4275pt x 1123.19624pt>
File: figure/1-Hidden Layer Neural Network Accuracy rate versus learning_rate.png Graphic file (type png)
<use figure/1-Hidden Layer Neural Network Accuracy rate versus learning_rate.png>
Package pdftex.def Info: figure/1-Hidden Layer Neural Network Accuracy rate versus learning_rate.png  used on input line 481.
(pdftex.def)             Requested size: 206.39685pt x 134.74345pt.
<figure/1-Hidden Layer Neural Network Accuracy rate versus loss.png, id=46, 1720.4275pt x 1123.19624pt>
File: figure/1-Hidden Layer Neural Network Accuracy rate versus loss.png Graphic file (type png)
<use figure/1-Hidden Layer Neural Network Accuracy rate versus loss.png>
Package pdftex.def Info: figure/1-Hidden Layer Neural Network Accuracy rate versus loss.png  used on input line 487.
(pdftex.def)             Requested size: 206.39685pt x 134.74345pt.
<figure/1-Hidden Layer Neural Network Accuracy rate versus batch_size.png, id=47, 1720.4275pt x 1123.19624pt>
File: figure/1-Hidden Layer Neural Network Accuracy rate versus batch_size.png Graphic file (type png)
<use figure/1-Hidden Layer Neural Network Accuracy rate versus batch_size.png>
Package pdftex.def Info: figure/1-Hidden Layer Neural Network Accuracy rate versus batch_size.png  used on input line 494.
(pdftex.def)             Requested size: 206.39685pt x 134.74345pt.
 [4 <./figure/Gradient Boosting Accuracy By Iteration.png> <./figure/1-layer Neural Network Test Accuracy By Epoch.png> <./figure/1-Hidden Layer Neural Network Accuracy rate versus bias.png>]
<figure/91-layer Neural Network Test Accuracy By Epoch.png, id=56, 1720.4275pt x 1123.19624pt>
File: figure/91-layer Neural Network Test Accuracy By Epoch.png Graphic file (type png)
<use figure/91-layer Neural Network Test Accuracy By Epoch.png>
Package pdftex.def Info: figure/91-layer Neural Network Test Accuracy By Epoch.png  used on input line 572.
(pdftex.def)             Requested size: 206.39685pt x 134.74345pt.
<figure/91-Hidden Layer Neural Network Accuracy rate versus hidden_nodes.png, id=57, 1720.4275pt x 1123.19624pt>
File: figure/91-Hidden Layer Neural Network Accuracy rate versus hidden_nodes.png Graphic file (type png)
<use figure/91-Hidden Layer Neural Network Accuracy rate versus hidden_nodes.png>
Package pdftex.def Info: figure/91-Hidden Layer Neural Network Accuracy rate versus hidden_nodes.png  used on input line 582.
(pdftex.def)             Requested size: 206.39685pt x 134.74345pt.
<figure/91-Hidden Layer Neural Network Accuracy rate versus learning_rate.png, id=58, 1720.4275pt x 1123.19624pt>
File: figure/91-Hidden Layer Neural Network Accuracy rate versus learning_rate.png Graphic file (type png)
<use figure/91-Hidden Layer Neural Network Accuracy rate versus learning_rate.png>
Package pdftex.def Info: figure/91-Hidden Layer Neural Network Accuracy rate versus learning_rate.png  used on input line 588.
(pdftex.def)             Requested size: 206.39685pt x 134.74345pt.
<figure/91-Hidden Layer Neural Network Accuracy rate versus loss.png, id=59, 1720.4275pt x 1123.19624pt>
File: figure/91-Hidden Layer Neural Network Accuracy rate versus loss.png Graphic file (type png)
<use figure/91-Hidden Layer Neural Network Accuracy rate versus loss.png>
Package pdftex.def Info: figure/91-Hidden Layer Neural Network Accuracy rate versus loss.png  used on input line 594.
(pdftex.def)             Requested size: 206.39685pt x 134.74345pt.
<figure/91-Hidden Layer Neural Network Accuracy rate versus batch_size.png, id=60, 1720.4275pt x 1123.19624pt>
File: figure/91-Hidden Layer Neural Network Accuracy rate versus batch_size.png Graphic file (type png)
<use figure/91-Hidden Layer Neural Network Accuracy rate versus batch_size.png>
Package pdftex.def Info: figure/91-Hidden Layer Neural Network Accuracy rate versus batch_size.png  used on input line 600.
(pdftex.def)             Requested size: 206.39685pt x 134.74345pt.
 [5 <./figure/1-Hidden Layer Neural Network Accuracy rate versus hidden_nodes.png> <./figure/1-Hidden Layer Neural Network Accuracy rate versus learning_rate.png> <./figure/1-Hidden Layer Neural Network Accuracy rate versus loss.png> <./figure/1-Hidden Layer Neural Network Accuracy rate versus batch_size.png> <./figure/91-layer Neural Network Test Accuracy By Epoch.png>]
<figure/1-Hidden Layer Neural Network Accuracy rate versus activation.png, id=69, 1720.4275pt x 1123.19624pt>
File: figure/1-Hidden Layer Neural Network Accuracy rate versus activation.png Graphic file (type png)
<use figure/1-Hidden Layer Neural Network Accuracy rate versus activation.png>
Package pdftex.def Info: figure/1-Hidden Layer Neural Network Accuracy rate versus activation.png  used on input line 666.
(pdftex.def)             Requested size: 206.39685pt x 134.74345pt.
<figure/1-Hidden layer Neural Network Accuracy rate By Epoch.png, id=70, 1720.4275pt x 1123.19624pt>
File: figure/1-Hidden layer Neural Network Accuracy rate By Epoch.png Graphic file (type png)
<use figure/1-Hidden layer Neural Network Accuracy rate By Epoch.png>
Package pdftex.def Info: figure/1-Hidden layer Neural Network Accuracy rate By Epoch.png  used on input line 672.
(pdftex.def)             Requested size: 206.39685pt x 134.74345pt.
 [6 <./figure/91-Hidden Layer Neural Network Accuracy rate versus hidden_nodes.png> <./figure/91-Hidden Layer Neural Network Accuracy rate versus learning_rate.png> <./figure/91-Hidden Layer Neural Network Accuracy rate versus loss.png> <./figure/91-Hidden Layer Neural Network Accuracy rate versus batch_size.png> <./figure/1-Hidden Layer Neural Network Accuracy rate versus activation.png>]
<figure/2-layer Neural Network Test Accuracy By Epoch.png, id=79, 5737.435pt x 3746.99875pt>
File: figure/2-layer Neural Network Test Accuracy By Epoch.png Graphic file (type png)
<use figure/2-layer Neural Network Test Accuracy By Epoch.png>
Package pdftex.def Info: figure/2-layer Neural Network Test Accuracy By Epoch.png  used on input line 717.
(pdftex.def)             Requested size: 206.39685pt x 134.76035pt.
<figure/2-layer Neural Network Test Accuracy By Epoch2.png, id=80, 5737.435pt x 3746.99875pt>
File: figure/2-layer Neural Network Test Accuracy By Epoch2.png Graphic file (type png)
<use figure/2-layer Neural Network Test Accuracy By Epoch2.png>
Package pdftex.def Info: figure/2-layer Neural Network Test Accuracy By Epoch2.png  used on input line 722.
(pdftex.def)             Requested size: 206.39685pt x 134.76035pt.
<figure/2-Hidden Layer Neural Network Accuracy rate versus hidden_nodes1.png, id=81, 1720.4275pt x 1123.19624pt>
File: figure/2-Hidden Layer Neural Network Accuracy rate versus hidden_nodes1.png Graphic file (type png)
<use figure/2-Hidden Layer Neural Network Accuracy rate versus hidden_nodes1.png>
Package pdftex.def Info: figure/2-Hidden Layer Neural Network Accuracy rate versus hidden_nodes1.png  used on input line 730.
(pdftex.def)             Requested size: 206.39685pt x 134.74345pt.
<figure/2-Hidden Layer Neural Network Accuracy rate versus hidden_nodes2.png, id=82, 1720.4275pt x 1123.19624pt>
File: figure/2-Hidden Layer Neural Network Accuracy rate versus hidden_nodes2.png Graphic file (type png)
<use figure/2-Hidden Layer Neural Network Accuracy rate versus hidden_nodes2.png>
Package pdftex.def Info: figure/2-Hidden Layer Neural Network Accuracy rate versus hidden_nodes2.png  used on input line 735.
(pdftex.def)             Requested size: 206.39685pt x 134.74345pt.
<figure/2-Hidden Layer Neural Network Accuracy rate versus learning_rate.png, id=83, 1720.4275pt x 1123.19624pt>
File: figure/2-Hidden Layer Neural Network Accuracy rate versus learning_rate.png Graphic file (type png)
<use figure/2-Hidden Layer Neural Network Accuracy rate versus learning_rate.png>
Package pdftex.def Info: figure/2-Hidden Layer Neural Network Accuracy rate versus learning_rate.png  used on input line 741.
(pdftex.def)             Requested size: 206.39685pt x 134.74345pt.
<figure/2-Hidden Layer Neural Network Accuracy rate versus loss.png, id=84, 1720.4275pt x 1123.19624pt>
File: figure/2-Hidden Layer Neural Network Accuracy rate versus loss.png Graphic file (type png)
<use figure/2-Hidden Layer Neural Network Accuracy rate versus loss.png>
Package pdftex.def Info: figure/2-Hidden Layer Neural Network Accuracy rate versus loss.png  used on input line 747.
(pdftex.def)             Requested size: 206.39685pt x 134.74345pt.
<figure/2-Hidden Layer Neural Network Accuracy rate versus batch_size.png, id=85, 1720.4275pt x 1123.19624pt>
File: figure/2-Hidden Layer Neural Network Accuracy rate versus batch_size.png Graphic file (type png)
<use figure/2-Hidden Layer Neural Network Accuracy rate versus batch_size.png>
Package pdftex.def Info: figure/2-Hidden Layer Neural Network Accuracy rate versus batch_size.png  used on input line 753.
(pdftex.def)             Requested size: 206.39685pt x 134.74345pt.
 [7 <./figure/1-Hidden layer Neural Network Accuracy rate By Epoch.png> <./figure/2-layer Neural Network Test Accuracy By Epoch.png> <./figure/2-layer Neural Network Test Accuracy By Epoch2.png> <./figure/2-Hidden Layer Neural Network Accuracy rate versus hidden_nodes1.png> <./figure/2-Hidden Layer Neural Network Accuracy rate versus hidden_nodes2.png>] (/Users/Trent/Documents/Study/Courses/2020Spring/Data Mining II/Homework/Final project/Report/.texpadtmp/HandWritten_Character.bbl) [8 <./figure/2-Hidden Layer Neural Network Accuracy rate versus learning_rate.png> <./figure/2-Hidden Layer Neural Network Accuracy rate versus loss.png> <./figure/2-Hidden Layer Neural Network Accuracy rate versus batch_size.png>] (/usr/local/texlive/2019/texmf-dist/tex/latex/listings/lstlang1.sty
File: lstlang1.sty 2019/09/10 1.8c listings language file
) (../Python/DataProcess
LaTeX Font Info:    Trying to load font information for TS1+ptm on input line 8.
 (/usr/local/texlive/2019/texmf-dist/tex/latex/psnfss/ts1ptm.fd
File: ts1ptm.fd 2001/06/04 font definitions for TS1/ptm.
)) (../Python/SVM
LaTeX Font Info:    Trying to load font information for OMS+ptm on input line 48.
 (/usr/local/texlive/2019/texmf-dist/tex/latex/psnfss/omsptm.fd
File: omsptm.fd 
)
LaTeX Font Info:    Font shape `OMS/ptm/m/n' in size <8> not available
(Font)              Font shape `OMS/cmsy/m/n' tried instead on input line 48.

Underfull \vbox (badness 10000) has occurred while \output is active []

 [9

]) (../Python/SVM
Underfull \vbox (badness 10000) has occurred while \output is active []

 [10]) (../Python/SVM
Underfull \vbox (badness 10000) has occurred while \output is active []

 [11]) (../Python/NNBykeras.py
LaTeX Font Info:    Trying to load font information for OML+ptm on input line 36.
 (/usr/local/texlive/2019/texmf-dist/tex/latex/psnfss/omlptm.fd
File: omlptm.fd 
)
LaTeX Font Info:    Font shape `OML/ptm/m/n' in size <8> not available
(Font)              Font shape `OML/cmm/m/it' tried instead on input line 36.

Underfull \vbox (badness 10000) has occurred while \output is active []

 [12]) (../Python/NN2Bykeras.py
Underfull \vbox (badness 10000) has occurred while \output is active []

 [13]) (../Python/Visualization.r
Underfull \vbox (badness 10000) has occurred while \output is active []

 [14]
Underfull \vbox (badness 10000) has occurred while \output is active []


Underfull \vbox (badness 10000) has occurred while \output is active []

 [15]
Underfull \vbox (badness 10000) has occurred while \output is active []


Underfull \vbox (badness 10000) has occurred while \output is active []

 [16])

** Conference Paper **
Before submitting the final camera ready copy, remember to:

 1. Manually equalize the lengths of two columns on the last page
 of your paper;

 2. Ensure that any PostScript and/or PDF output post-processing
 uses only Type 1 fonts and that every step in the generation
 process uses the appropriate paper size.

[17

] (/Users/Trent/Documents/Study/Courses/2020Spring/Data Mining II/Homework/Final project/Report/.texpadtmp/HandWritten_Character.aux) ) 
Here is how much of TeX's memory you used:
 7065 strings out of 480994
 106402 string characters out of 5912143
 1318995 words of memory out of 5000000
 22427 multiletter control sequences out of 15000+600000
 582318 words of font info for 127 fonts, out of 8000000 for 9000
 1141 hyphenation exceptions out of 8191
 34i,15n,42p,802b,2393s stack positions out of 5000i,500n,10000p,200000b,80000s
{/usr/local/texlive/2019/texmf-dist/fonts/enc/dvips/base/8r.enc}</usr/local/texlive/2019/texmf-dist/fonts/type1/public/amsfonts/cm/cmbx10.pfb></usr/local/texlive/2019/texmf-dist/fonts/type1/public/amsfonts/cm/cmbx7.pfb></usr/local/texlive/2019/texmf-dist/fonts/type1/public/amsfonts/cm/cmex10.pfb></usr/local/texlive/2019/texmf-dist/fonts/type1/public/amsfonts/cm/cmmi10.pfb></usr/local/texlive/2019/texmf-dist/fonts/type1/public/amsfonts/cm/cmmi5.pfb></usr/local/texlive/2019/texmf-dist/fonts/type1/public/amsfonts/cm/cmmi7.pfb></usr/local/texlive/2019/texmf-dist/fonts/type1/public/amsfonts/cm/cmmi8.pfb></usr/local/texlive/2019/texmf-dist/fonts/type1/public/amsfonts/cm/cmr10.pfb></usr/local/texlive/2019/texmf-dist/fonts/type1/public/amsfonts/cm/cmr7.pfb></usr/local/texlive/2019/texmf-dist/fonts/type1/public/amsfonts/cm/cmsy10.pfb></usr/local/texlive/2019/texmf-dist/fonts/type1/public/amsfonts/cm/cmsy7.pfb></usr/local/texlive/2019/texmf-dist/fonts/type1/public/amsfonts/cm/cmsy8.pfb></usr/local/texlive/2019/texmf-dist/fonts/type1/urw/times/utmb8a.pfb></usr/local/texlive/2019/texmf-dist/fonts/type1/urw/times/utmbi8a.pfb></usr/local/texlive/2019/texmf-dist/fonts/type1/urw/times/utmr8a.pfb></usr/local/texlive/2019/texmf-dist/fonts/type1/urw/times/utmri8a.pfb>
Output written on "/Users/Trent/Documents/Study/Courses/2020Spring/Data Mining II/Homework/Final project/Report/.texpadtmp/HandWritten_Character.pdf" (17 pages, 23478037 bytes).
PDF statistics:
 183 PDF objects out of 1000 (max. 8388607)
 89 compressed objects within 1 object stream
 0 named destinations out of 1000 (max. 500000)
 161 words of extra memory for PDF output out of 10000 (max. 10000000)

